{"/Users/borisrose/Desktop/climber/app/ts/containers/home/home-container.ts": {"path":"/Users/borisrose/Desktop/climber/app/ts/containers/home/home-container.ts","statementMap":{"0":{"start":{"line":6,"column":8},"end":{"line":6,"column":25}},"1":{"start":{"line":7,"column":32},"end":{"line":7,"column":76}},"2":{"start":{"line":8,"column":8},"end":{"line":8,"column":74}},"3":{"start":{"line":12,"column":8},"end":{"line":12,"column":33}}},"fnMap":{"0":{"name":"(anonymous_0)","decl":{"start":{"line":5,"column":4},"end":{"line":5,"column":5}},"loc":{"start":{"line":5,"column":39},"end":{"line":9,"column":5}},"line":5},"1":{"name":"(anonymous_1)","decl":{"start":{"line":11,"column":4},"end":{"line":11,"column":5}},"loc":{"start":{"line":11,"column":15},"end":{"line":13,"column":5}},"line":11}},"branchMap":{},"s":{"0":0,"1":0,"2":0,"3":0},"f":{"0":0,"1":0},"b":{}}
,"/Users/borisrose/Desktop/climber/app/ts/containers/home/log-container.ts": {"path":"/Users/borisrose/Desktop/climber/app/ts/containers/home/log-container.ts","statementMap":{"0":{"start":{"line":16,"column":8},"end":{"line":16,"column":25}},"1":{"start":{"line":17,"column":8},"end":{"line":17,"column":38}},"2":{"start":{"line":18,"column":8},"end":{"line":18,"column":48}},"3":{"start":{"line":19,"column":8},"end":{"line":19,"column":72}},"4":{"start":{"line":20,"column":8},"end":{"line":20,"column":74}},"5":{"start":{"line":21,"column":8},"end":{"line":21,"column":80}},"6":{"start":{"line":23,"column":8},"end":{"line":26,"column":9}},"7":{"start":{"line":24,"column":12},"end":{"line":24,"column":103}},"8":{"start":{"line":30,"column":8},"end":{"line":30,"column":99}},"9":{"start":{"line":31,"column":8},"end":{"line":31,"column":93}},"10":{"start":{"line":32,"column":8},"end":{"line":34,"column":9}},"11":{"start":{"line":33,"column":12},"end":{"line":33,"column":122}},"12":{"start":{"line":40,"column":8},"end":{"line":44,"column":9}},"13":{"start":{"line":41,"column":12},"end":{"line":41,"column":91}},"14":{"start":{"line":43,"column":12},"end":{"line":43,"column":90}},"15":{"start":{"line":49,"column":8},"end":{"line":49,"column":46}},"16":{"start":{"line":50,"column":8},"end":{"line":50,"column":49}},"17":{"start":{"line":51,"column":8},"end":{"line":53,"column":9}},"18":{"start":{"line":52,"column":12},"end":{"line":52,"column":62}},"19":{"start":{"line":54,"column":8},"end":{"line":54,"column":45}},"20":{"start":{"line":58,"column":8},"end":{"line":58,"column":28}},"21":{"start":{"line":59,"column":8},"end":{"line":85,"column":9}},"22":{"start":{"line":60,"column":32},"end":{"line":60,"column":85}},"23":{"start":{"line":61,"column":35},"end":{"line":61,"column":94}},"24":{"start":{"line":62,"column":12},"end":{"line":81,"column":13}},"25":{"start":{"line":63,"column":16},"end":{"line":63,"column":34}},"26":{"start":{"line":64,"column":16},"end":{"line":64,"column":33}},"27":{"start":{"line":66,"column":15},"end":{"line":68,"column":16}},"28":{"start":{"line":67,"column":17},"end":{"line":67,"column":88}},"29":{"start":{"line":70,"column":15},"end":{"line":72,"column":16}},"30":{"start":{"line":71,"column":20},"end":{"line":71,"column":58}},"31":{"start":{"line":74,"column":15},"end":{"line":76,"column":16}},"32":{"start":{"line":75,"column":17},"end":{"line":75,"column":94}},"33":{"start":{"line":78,"column":15},"end":{"line":80,"column":16}},"34":{"start":{"line":79,"column":16},"end":{"line":79,"column":57}},"35":{"start":{"line":83,"column":12},"end":{"line":83,"column":84}},"36":{"start":{"line":84,"column":12},"end":{"line":84,"column":18}},"37":{"start":{"line":87,"column":8},"end":{"line":106,"column":9}},"38":{"start":{"line":88,"column":12},"end":{"line":91,"column":13}},"39":{"start":{"line":89,"column":16},"end":{"line":89,"column":108}},"40":{"start":{"line":90,"column":16},"end":{"line":90,"column":22}},"41":{"start":{"line":93,"column":12},"end":{"line":95,"column":13}},"42":{"start":{"line":94,"column":16},"end":{"line":94,"column":53}},"43":{"start":{"line":97,"column":12},"end":{"line":99,"column":13}},"44":{"start":{"line":98,"column":16},"end":{"line":98,"column":106}},"45":{"start":{"line":101,"column":12},"end":{"line":104,"column":13}},"46":{"start":{"line":102,"column":16},"end":{"line":102,"column":34}},"47":{"start":{"line":103,"column":16},"end":{"line":103,"column":33}}},"fnMap":{"0":{"name":"(anonymous_0)","decl":{"start":{"line":15,"column":4},"end":{"line":15,"column":5}},"loc":{"start":{"line":15,"column":62},"end":{"line":27,"column":5}},"line":15},"1":{"name":"(anonymous_1)","decl":{"start":{"line":29,"column":4},"end":{"line":29,"column":5}},"loc":{"start":{"line":29,"column":21},"end":{"line":36,"column":5}},"line":29},"2":{"name":"(anonymous_2)","decl":{"start":{"line":39,"column":4},"end":{"line":39,"column":5}},"loc":{"start":{"line":39,"column":17},"end":{"line":46,"column":5}},"line":39},"3":{"name":"(anonymous_3)","decl":{"start":{"line":48,"column":4},"end":{"line":48,"column":5}},"loc":{"start":{"line":48,"column":19},"end":{"line":55,"column":5}},"line":48},"4":{"name":"(anonymous_4)","decl":{"start":{"line":57,"column":4},"end":{"line":57,"column":5}},"loc":{"start":{"line":57,"column":16},"end":{"line":108,"column":5}},"line":57}},"branchMap":{"0":{"loc":{"start":{"line":23,"column":8},"end":{"line":26,"column":9}},"type":"if","locations":[{"start":{"line":23,"column":8},"end":{"line":26,"column":9}},{"start":{},"end":{}}],"line":23},"1":{"loc":{"start":{"line":32,"column":8},"end":{"line":34,"column":9}},"type":"if","locations":[{"start":{"line":32,"column":8},"end":{"line":34,"column":9}},{"start":{},"end":{}}],"line":32},"2":{"loc":{"start":{"line":40,"column":8},"end":{"line":44,"column":9}},"type":"if","locations":[{"start":{"line":40,"column":8},"end":{"line":44,"column":9}},{"start":{"line":42,"column":15},"end":{"line":44,"column":9}}],"line":40},"3":{"loc":{"start":{"line":51,"column":8},"end":{"line":53,"column":9}},"type":"if","locations":[{"start":{"line":51,"column":8},"end":{"line":53,"column":9}},{"start":{},"end":{}}],"line":51},"4":{"loc":{"start":{"line":59,"column":8},"end":{"line":85,"column":9}},"type":"if","locations":[{"start":{"line":59,"column":8},"end":{"line":85,"column":9}},{"start":{"line":82,"column":15},"end":{"line":85,"column":9}}],"line":59},"5":{"loc":{"start":{"line":59,"column":11},"end":{"line":59,"column":62}},"type":"binary-expr","locations":[{"start":{"line":59,"column":11},"end":{"line":59,"column":33}},{"start":{"line":59,"column":37},"end":{"line":59,"column":62}}],"line":59},"6":{"loc":{"start":{"line":62,"column":12},"end":{"line":81,"column":13}},"type":"if","locations":[{"start":{"line":62,"column":12},"end":{"line":81,"column":13}},{"start":{"line":65,"column":19},"end":{"line":81,"column":13}}],"line":62},"7":{"loc":{"start":{"line":62,"column":15},"end":{"line":62,"column":81}},"type":"binary-expr","locations":[{"start":{"line":62,"column":15},"end":{"line":62,"column":43}},{"start":{"line":62,"column":47},"end":{"line":62,"column":81}}],"line":62},"8":{"loc":{"start":{"line":66,"column":15},"end":{"line":68,"column":16}},"type":"if","locations":[{"start":{"line":66,"column":15},"end":{"line":68,"column":16}},{"start":{},"end":{}}],"line":66},"9":{"loc":{"start":{"line":70,"column":15},"end":{"line":72,"column":16}},"type":"if","locations":[{"start":{"line":70,"column":15},"end":{"line":72,"column":16}},{"start":{},"end":{}}],"line":70},"10":{"loc":{"start":{"line":74,"column":15},"end":{"line":76,"column":16}},"type":"if","locations":[{"start":{"line":74,"column":15},"end":{"line":76,"column":16}},{"start":{},"end":{}}],"line":74},"11":{"loc":{"start":{"line":78,"column":15},"end":{"line":80,"column":16}},"type":"if","locations":[{"start":{"line":78,"column":15},"end":{"line":80,"column":16}},{"start":{},"end":{}}],"line":78},"12":{"loc":{"start":{"line":87,"column":8},"end":{"line":106,"column":9}},"type":"if","locations":[{"start":{"line":87,"column":8},"end":{"line":106,"column":9}},{"start":{},"end":{}}],"line":87},"13":{"loc":{"start":{"line":88,"column":12},"end":{"line":91,"column":13}},"type":"if","locations":[{"start":{"line":88,"column":12},"end":{"line":91,"column":13}},{"start":{},"end":{}}],"line":88},"14":{"loc":{"start":{"line":93,"column":12},"end":{"line":95,"column":13}},"type":"if","locations":[{"start":{"line":93,"column":12},"end":{"line":95,"column":13}},{"start":{},"end":{}}],"line":93},"15":{"loc":{"start":{"line":97,"column":12},"end":{"line":99,"column":13}},"type":"if","locations":[{"start":{"line":97,"column":12},"end":{"line":99,"column":13}},{"start":{},"end":{}}],"line":97},"16":{"loc":{"start":{"line":101,"column":12},"end":{"line":104,"column":13}},"type":"if","locations":[{"start":{"line":101,"column":12},"end":{"line":104,"column":13}},{"start":{},"end":{}}],"line":101}},"s":{"0":0,"1":0,"2":0,"3":0,"4":0,"5":0,"6":0,"7":0,"8":0,"9":0,"10":0,"11":0,"12":0,"13":0,"14":0,"15":0,"16":0,"17":0,"18":0,"19":0,"20":0,"21":0,"22":0,"23":0,"24":0,"25":0,"26":0,"27":0,"28":0,"29":0,"30":0,"31":0,"32":0,"33":0,"34":0,"35":0,"36":0,"37":0,"38":0,"39":0,"40":0,"41":0,"42":0,"43":0,"44":0,"45":0,"46":0,"47":0},"f":{"0":0,"1":0,"2":0,"3":0,"4":0},"b":{"0":[0,0],"1":[0,0],"2":[0,0],"3":[0,0],"4":[0,0],"5":[0,0],"6":[0,0],"7":[0,0],"8":[0,0],"9":[0,0],"10":[0,0],"11":[0,0],"12":[0,0],"13":[0,0],"14":[0,0],"15":[0,0],"16":[0,0]}}
,"/Users/borisrose/Desktop/climber/app/ts/models/container.model.ts": {"path":"/Users/borisrose/Desktop/climber/app/ts/models/container.model.ts","statementMap":{"0":{"start":{"line":11,"column":8},"end":{"line":11,"column":36}},"1":{"start":{"line":12,"column":8},"end":{"line":12,"column":60}},"2":{"start":{"line":13,"column":8},"end":{"line":13,"column":50}}},"fnMap":{"0":{"name":"(anonymous_0)","decl":{"start":{"line":10,"column":4},"end":{"line":10,"column":5}},"loc":{"start":{"line":10,"column":39},"end":{"line":14,"column":5}},"line":10}},"branchMap":{},"s":{"0":0,"1":0,"2":0},"f":{"0":0},"b":{}}
,"/Users/borisrose/Desktop/climber/app/ts/services/basic/console/console.service.ts": {"path":"/Users/borisrose/Desktop/climber/app/ts/services/basic/console/console.service.ts","statementMap":{"0":{"start":{"line":5,"column":8},"end":{"line":5,"column":48}},"1":{"start":{"line":6,"column":8},"end":{"line":6,"column":22}},"2":{"start":{"line":7,"column":8},"end":{"line":7,"column":48}}},"fnMap":{"0":{"name":"(anonymous_0)","decl":{"start":{"line":2,"column":4},"end":{"line":2,"column":5}},"loc":{"start":{"line":2,"column":17},"end":{"line":2,"column":19}},"line":2},"1":{"name":"(anonymous_1)","decl":{"start":{"line":4,"column":4},"end":{"line":4,"column":5}},"loc":{"start":{"line":4,"column":30},"end":{"line":8,"column":5}},"line":4}},"branchMap":{},"s":{"0":0,"1":0,"2":0},"f":{"0":0,"1":0},"b":{}}
,"/Users/borisrose/Desktop/climber/app/ts/services/basic/notification/notification.service.ts": {"path":"/Users/borisrose/Desktop/climber/app/ts/services/basic/notification/notification.service.ts","statementMap":{"0":{"start":{"line":6,"column":8},"end":{"line":6,"column":78}},"1":{"start":{"line":10,"column":8},"end":{"line":10,"column":54}},"2":{"start":{"line":11,"column":8},"end":{"line":13,"column":16}},"3":{"start":{"line":12,"column":12},"end":{"line":12,"column":49}}},"fnMap":{"0":{"name":"(anonymous_0)","decl":{"start":{"line":5,"column":4},"end":{"line":5,"column":5}},"loc":{"start":{"line":5,"column":17},"end":{"line":7,"column":5}},"line":5},"1":{"name":"(anonymous_1)","decl":{"start":{"line":9,"column":4},"end":{"line":9,"column":5}},"loc":{"start":{"line":9,"column":57},"end":{"line":15,"column":5}},"line":9},"2":{"name":"(anonymous_2)","decl":{"start":{"line":11,"column":19},"end":{"line":11,"column":20}},"loc":{"start":{"line":11,"column":25},"end":{"line":13,"column":9}},"line":11}},"branchMap":{"0":{"loc":{"start":{"line":9,"column":36},"end":{"line":9,"column":55}},"type":"default-arg","locations":[{"start":{"line":9,"column":51},"end":{"line":9,"column":55}}],"line":9}},"s":{"0":0,"1":0,"2":0,"3":0},"f":{"0":0,"1":0,"2":0},"b":{"0":[0]}}
,"/Users/borisrose/Desktop/climber/app/ts/services/shared/format.service.ts": {"path":"/Users/borisrose/Desktop/climber/app/ts/services/shared/format.service.ts","statementMap":{"0":{"start":{"line":5,"column":18},"end":{"line":7,"column":3}},"1":{"start":{"line":8,"column":17},"end":{"line":8,"column":32}},"2":{"start":{"line":9,"column":2},"end":{"line":23,"column":3}},"3":{"start":{"line":10,"column":3},"end":{"line":10,"column":25}},"4":{"start":{"line":12,"column":25},"end":{"line":12,"column":37}},"5":{"start":{"line":13,"column":32},"end":{"line":13,"column":48}},"6":{"start":{"line":15,"column":20},"end":{"line":17,"column":4}},"7":{"start":{"line":18,"column":3},"end":{"line":22,"column":4}},"8":{"start":{"line":19,"column":4},"end":{"line":19,"column":41}},"9":{"start":{"line":21,"column":4},"end":{"line":21,"column":24}},"10":{"start":{"line":27,"column":18},"end":{"line":27,"column":65}},"11":{"start":{"line":28,"column":17},"end":{"line":28,"column":32}},"12":{"start":{"line":29,"column":2},"end":{"line":43,"column":3}},"13":{"start":{"line":30,"column":3},"end":{"line":30,"column":78}},"14":{"start":{"line":32,"column":17},"end":{"line":32,"column":18}},"15":{"start":{"line":33,"column":3},"end":{"line":42,"column":4}},"16":{"start":{"line":34,"column":4},"end":{"line":34,"column":13}},"17":{"start":{"line":35,"column":4},"end":{"line":37,"column":5}},"18":{"start":{"line":36,"column":5},"end":{"line":36,"column":28}},"19":{"start":{"line":39,"column":4},"end":{"line":41,"column":5}},"20":{"start":{"line":40,"column":5},"end":{"line":40,"column":55}}},"fnMap":{"0":{"name":"(anonymous_0)","decl":{"start":{"line":2,"column":1},"end":{"line":2,"column":2}},"loc":{"start":{"line":2,"column":15},"end":{"line":2,"column":17}},"line":2},"1":{"name":"(anonymous_1)","decl":{"start":{"line":4,"column":1},"end":{"line":4,"column":2}},"loc":{"start":{"line":4,"column":31},"end":{"line":24,"column":2}},"line":4},"2":{"name":"(anonymous_2)","decl":{"start":{"line":26,"column":1},"end":{"line":26,"column":2}},"loc":{"start":{"line":26,"column":34},"end":{"line":44,"column":2}},"line":26}},"branchMap":{"0":{"loc":{"start":{"line":9,"column":2},"end":{"line":23,"column":3}},"type":"if","locations":[{"start":{"line":9,"column":2},"end":{"line":23,"column":3}},{"start":{"line":11,"column":9},"end":{"line":23,"column":3}}],"line":9},"1":{"loc":{"start":{"line":18,"column":3},"end":{"line":22,"column":4}},"type":"if","locations":[{"start":{"line":18,"column":3},"end":{"line":22,"column":4}},{"start":{"line":20,"column":10},"end":{"line":22,"column":4}}],"line":18},"2":{"loc":{"start":{"line":18,"column":7},"end":{"line":18,"column":41}},"type":"binary-expr","locations":[{"start":{"line":18,"column":7},"end":{"line":18,"column":22}},{"start":{"line":18,"column":26},"end":{"line":18,"column":41}}],"line":18},"3":{"loc":{"start":{"line":29,"column":2},"end":{"line":43,"column":3}},"type":"if","locations":[{"start":{"line":29,"column":2},"end":{"line":43,"column":3}},{"start":{"line":31,"column":9},"end":{"line":43,"column":3}}],"line":29},"4":{"loc":{"start":{"line":35,"column":4},"end":{"line":37,"column":5}},"type":"if","locations":[{"start":{"line":35,"column":4},"end":{"line":37,"column":5}},{"start":{},"end":{}}],"line":35},"5":{"loc":{"start":{"line":39,"column":4},"end":{"line":41,"column":5}},"type":"if","locations":[{"start":{"line":39,"column":4},"end":{"line":41,"column":5}},{"start":{},"end":{}}],"line":39}},"s":{"0":0,"1":0,"2":0,"3":0,"4":0,"5":0,"6":0,"7":0,"8":0,"9":0,"10":0,"11":0,"12":0,"13":0,"14":0,"15":0,"16":0,"17":0,"18":0,"19":0,"20":0},"f":{"0":0,"1":0,"2":0},"b":{"0":[0,0],"1":[0,0],"2":[0,0],"3":[0,0],"4":[0,0],"5":[0,0]}}
,"/Users/borisrose/Desktop/climber/app/ts/types/on-navigate.type.ts": {"path":"/Users/borisrose/Desktop/climber/app/ts/types/on-navigate.type.ts","statementMap":{},"fnMap":{},"branchMap":{},"s":{},"f":{},"b":{}}
,"/Users/borisrose/Desktop/climber/app/ts/ui/components/button/button.ts": {"path":"/Users/borisrose/Desktop/climber/app/ts/ui/components/button/button.ts","statementMap":{"0":{"start":{"line":9,"column":1},"end":{"line":15,"column":5}}},"fnMap":{"0":{"name":"button","decl":{"start":{"line":8,"column":9},"end":{"line":8,"column":15}},"loc":{"start":{"line":8,"column":43},"end":{"line":16,"column":1}},"line":8}},"branchMap":{"0":{"loc":{"start":{"line":12,"column":20},"end":{"line":12,"column":52}},"type":"cond-expr","locations":[{"start":{"line":12,"column":32},"end":{"line":12,"column":41}},{"start":{"line":12,"column":44},"end":{"line":12,"column":52}}],"line":12},"1":{"loc":{"start":{"line":13,"column":28},"end":{"line":13,"column":66}},"type":"cond-expr","locations":[{"start":{"line":13,"column":46},"end":{"line":13,"column":61}},{"start":{"line":13,"column":64},"end":{"line":13,"column":66}}],"line":13}},"s":{"0":1},"f":{"0":1},"b":{"0":[1,0],"1":[0,1]},"_coverageSchema":"1a1c01bbd47fc00a2c39e90264f33305004495a9","hash":"f357f65db8f52b1ac6c0166736eb856ab1b62f55"}
,"/Users/borisrose/Desktop/climber/app/ts/ui/components/small/small.ts": {"path":"/Users/borisrose/Desktop/climber/app/ts/ui/components/small/small.ts","statementMap":{"0":{"start":{"line":8,"column":4},"end":{"line":12,"column":5}}},"fnMap":{"0":{"name":"small","decl":{"start":{"line":7,"column":9},"end":{"line":7,"column":14}},"loc":{"start":{"line":7,"column":42},"end":{"line":13,"column":1}},"line":7}},"branchMap":{"0":{"loc":{"start":{"line":9,"column":21},"end":{"line":9,"column":43}},"type":"cond-expr","locations":[{"start":{"line":9,"column":31},"end":{"line":9,"column":38}},{"start":{"line":9,"column":41},"end":{"line":9,"column":43}}],"line":9},"1":{"loc":{"start":{"line":9,"column":68},"end":{"line":9,"column":106}},"type":"cond-expr","locations":[{"start":{"line":9,"column":86},"end":{"line":9,"column":101}},{"start":{"line":9,"column":104},"end":{"line":9,"column":106}}],"line":9}},"s":{"0":0},"f":{"0":0},"b":{"0":[0,0],"1":[0,0]}}
,"/Users/borisrose/Desktop/climber/app/ts/ui/views/home/home.view.ts": {"path":"/Users/borisrose/Desktop/climber/app/ts/ui/views/home/home.view.ts","statementMap":{"0":{"start":{"line":4,"column":4},"end":{"line":10,"column":5}}},"fnMap":{"0":{"name":"homeView","decl":{"start":{"line":3,"column":9},"end":{"line":3,"column":17}},"loc":{"start":{"line":3,"column":21},"end":{"line":11,"column":1}},"line":3}},"branchMap":{},"s":{"0":0},"f":{"0":0},"b":{}}
}
